[0404/204452.937:ERROR:process_reader_win.cc(151)] SuspendThread: Access is denied. (0x5)
[0404/204452.939:ERROR:process_reader_win.cc(151)] SuspendThread: Access is denied. (0x5)
[0404/204452.939:ERROR:process_reader_win.cc(123)] NtOpenThread: {Access Denied} A process has requested access to an object, but has not been granted those access rights. (0xc0000022)
[0404/204452.974:ERROR:exception_snapshot_win.cc(98)] thread ID 4884 not found in process
[0417/160213.221:ERROR:process_reader_win.cc(151)] SuspendThread: Access is denied. (0x5)
[0417/160213.221:ERROR:process_reader_win.cc(151)] SuspendThread: Access is denied. (0x5)
[0417/160213.254:ERROR:process_reader_win.cc(151)] SuspendThread: Access is denied. (0x5)
[0417/160213.254:ERROR:process_reader_win.cc(151)] SuspendThread: Access is denied. (0x5)
[0417/160213.255:ERROR:process_reader_win.cc(151)] SuspendThread: Access is denied. (0x5)
[0417/160213.255:ERROR:process_reader_win.cc(151)] SuspendThread: Access is denied. (0x5)
[0417/160213.254:ERROR:process_reader_win.cc(151)] SuspendThread: Access is denied. (0x5)
[0417/160213.255:ERROR:process_reader_win.cc(151)] SuspendThread: Access is denied. (0x5)
[0417/160213.255:ERROR:process_reader_win.cc(151)] SuspendThread: Access is denied. (0x5)
[0417/160213.255:ERROR:process_reader_win.cc(151)] SuspendThread: Access is denied. (0x5)
[0417/160213.255:ERROR:process_reader_win.cc(151)] SuspendThread: Access is denied. (0x5)
[0417/160213.255:ERROR:process_reader_win.cc(151)] SuspendThread: Access is denied. (0x5)
[0417/160213.255:ERROR:process_reader_win.cc(151)] SuspendThread: Access is denied. (0x5)
[0417/160213.255:ERROR:process_reader_win.cc(151)] SuspendThread: Access is denied. (0x5)
[0417/160213.255:ERROR:process_reader_win.cc(151)] SuspendThread: Access is denied. (0x5)
[0417/160213.218:ERROR:process_reader_win.cc(123)] NtOpenThread: {Access Denied} A process has requested access to an object, but has not been granted those access rights. (0xc0000022)
[0417/160213.336:ERROR:exception_snapshot_win.cc(98)] thread ID 24724 not found in process
[0417/160213.255:ERROR:process_reader_win.cc(123)] NtOpenThread: {Access Denied} A process has requested access to an object, but has not been granted those access rights. (0xc0000022)
[0417/160213.336:ERROR:exception_snapshot_win.cc(98)] thread ID 12340 not found in process
[0417/160213.255:ERROR:process_reader_win.cc(123)] NtOpenThread: {Access Denied} A process has requested access to an object, but has not been granted those access rights. (0xc0000022)
[0417/160213.337:ERROR:exception_snapshot_win.cc(98)] thread ID 24876 not found in process
[0417/160213.229:ERROR:process_reader_win.cc(123)] NtOpenThread: {Access Denied} A process has requested access to an object, but has not been granted those access rights. (0xc0000022)
[0417/160213.356:ERROR:exception_snapshot_win.cc(98)] thread ID 15036 not found in process
[0417/160213.366:ERROR:process_reader_win.cc(123)] NtOpenThread: {Access Denied} A process has requested access to an object, but has not been granted those access rights. (0xc0000022)
[0417/160213.366:ERROR:exception_snapshot_win.cc(98)] thread ID 8180 not found in process
[0417/160213.373:ERROR:process_reader_win.cc(123)] NtOpenThread: {Access Denied} A process has requested access to an object, but has not been granted those access rights. (0xc0000022)
[0417/160213.373:ERROR:exception_snapshot_win.cc(98)] thread ID 5288 not found in process
[0417/160213.384:ERROR:process_reader_win.cc(123)] NtOpenThread: {Access Denied} A process has requested access to an object, but has not been granted those access rights. (0xc0000022)
[0417/160213.384:ERROR:exception_snapshot_win.cc(98)] thread ID 23952 not found in process
[0417/160213.373:ERROR:scoped_process_suspend.cc(31)] NtSuspendProcess: An attempt was made to access an exiting process. (0xc000010a)
[0417/160213.392:ERROR:process_info.cc(118)] ReadProcessMemory bool __cdecl crashpad::(anonymous namespace)::ReadStruct(HANDLE, crashpad::WinVMAddress, T *) [T = crashpad::process_types::PEB<crashpad::process_types::internal::Traits64>]: Only part of a ReadProcessMemory or WriteProcessMemory request was completed. (0x12B)
[0417/160213.392:ERROR:process_info.cc(551)] ReadProcessData failed
[0417/160213.407:ERROR:process_reader_win.cc(123)] NtOpenThread: {Access Denied} A process has requested access to an object, but has not been granted those access rights. (0xc0000022)
[0417/160213.407:ERROR:exception_snapshot_win.cc(98)] thread ID 18460 not found in process
[0417/160213.415:ERROR:process_reader_win.cc(123)] NtOpenThread: {Access Denied} A process has requested access to an object, but has not been granted those access rights. (0xc0000022)
[0417/160213.415:ERROR:exception_snapshot_win.cc(98)] thread ID 11840 not found in process
[0417/160213.416:ERROR:process_reader_win.cc(123)] NtOpenThread: {Access Denied} A process has requested access to an object, but has not been granted those access rights. (0xc0000022)
[0417/160213.416:ERROR:exception_snapshot_win.cc(98)] thread ID 13780 not found in process
